<?xml version="1.0" encoding="UTF-8"?>
<!-- Generated by org.testng.reporters.JUnitXMLReporter -->
<testsuite ignored="2" hostname="LAPTOP-SSDS6GEK" failures="0" tests="2" name="A" time="0.293" errors="0" timestamp="2023-07-31T14:37:05 EDT">
  <testcase classname="com.Test.SeleniumTest.IncludeExclude" name="test1" time="0.074"/>
  <testcase classname="com.Test.SeleniumTest.IncludeExclude" name="test2" time="0.001"/>
  <testcase classname="com.Test.SeleniumTest.IncludeExclude" name="test4" time="0.0">
    <ignored/>
  </testcase> <!-- test4 -->
  <testcase classname="com.Test.SeleniumTest.IncludeExclude" name="test3" time="0.0">
    <ignored/>
  </testcase> <!-- test3 -->
</testsuite> <!-- A -->
