<?xml version="1.0" encoding="UTF-8"?>
<!-- Generated by org.testng.reporters.JUnitXMLReporter -->
<testsuite ignored="2" hostname="LAPTOP-SSDS6GEK" failures="0" tests="2" name="Test(failed)" time="0.181" errors="0" timestamp="2023-07-31T16:06:30 EDT">
  <testcase classname="com.Test.SeleniumTest.CalculatorTesting" name="addition" time="0.04"/>
  <testcase classname="com.Test.SeleniumTest.CalculatorTesting" name="division" time="0.002"/>
  <testcase classname="com.Test.SeleniumTest.CalculatorTesting" name="multipication" time="0.0">
    <ignored/>
  </testcase> <!-- multipication -->
  <testcase classname="com.Test.SeleniumTest.CalculatorTesting" name="substaction" time="0.0">
    <ignored/>
  </testcase> <!-- substaction -->
</testsuite> <!-- Test(failed) -->
